<?xml version="1.0" encoding="UTF-8"?>
<testsuites>
  <testsuite name="sdk" tests="2" assertions="2" errors="0" failures="0" skipped="0" time="0.001832">
    <testsuite name="dabank\sdk\HelloTest" file="/home/jre/wwtm/blockchain/bigbang-sdk-php/tests/sdk/HelloTest.php" tests="1" assertions="1" errors="0" failures="0" skipped="0" time="0.001790">
      <testcase name="testHello" class="dabank\sdk\HelloTest" classname="dabank.sdk.HelloTest" file="/home/jre/wwtm/blockchain/bigbang-sdk-php/tests/sdk/HelloTest.php" line="8" assertions="1" time="0.001790"/>
    </testsuite>
    <testsuite name="dbank\sdk\SignerTest" file="/home/jre/wwtm/blockchain/bigbang-sdk-php/tests/sdk/signer/SignerTest.php" tests="1" assertions="1" errors="0" failures="0" skipped="0" time="0.000042">
      <testcase name="testNothing" class="dbank\sdk\SignerTest" classname="dbank.sdk.SignerTest" file="/home/jre/wwtm/blockchain/bigbang-sdk-php/tests/sdk/signer/SignerTest.php" line="8" assertions="1" time="0.000042"/>
    </testsuite>
  </testsuite>
</testsuites>
